{"C:\\Users\\EDWIN ACER\\Desktop\\Laboratorios-DSW2\\tallerpruebas\\index.js": {"path":"C:\\Users\\EDWIN ACER\\Desktop\\Laboratorios-DSW2\\tallerpruebas\\index.js","statementMap":{"0":{"start":{"line":3,"column":4},"end":{"line":3,"column":17}},"1":{"start":{"line":8,"column":4},"end":{"line":8,"column":17}},"2":{"start":{"line":13,"column":4},"end":{"line":13,"column":17}},"3":{"start":{"line":18,"column":4},"end":{"line":20,"column":5}},"4":{"start":{"line":19,"column":6},"end":{"line":19,"column":57}},"5":{"start":{"line":21,"column":4},"end":{"line":21,"column":17}},"6":{"start":{"line":58,"column":2},"end":{"line":64,"column":4}}},"fnMap":{"0":{"name":"sum","decl":{"start":{"line":2,"column":9},"end":{"line":2,"column":12}},"loc":{"start":{"line":2,"column":19},"end":{"line":4,"column":3}},"line":2},"1":{"name":"subtract","decl":{"start":{"line":7,"column":11},"end":{"line":7,"column":19}},"loc":{"start":{"line":7,"column":26},"end":{"line":9,"column":3}},"line":7},"2":{"name":"multiply","decl":{"start":{"line":12,"column":11},"end":{"line":12,"column":19}},"loc":{"start":{"line":12,"column":26},"end":{"line":14,"column":3}},"line":12},"3":{"name":"divide","decl":{"start":{"line":17,"column":11},"end":{"line":17,"column":17}},"loc":{"start":{"line":17,"column":24},"end":{"line":22,"column":3}},"line":17}},"branchMap":{"0":{"loc":{"start":{"line":18,"column":4},"end":{"line":20,"column":5}},"type":"if","locations":[{"start":{"line":18,"column":4},"end":{"line":20,"column":5}},{"start":{},"end":{}}],"line":18}},"s":{"0":3,"1":3,"2":3,"3":4,"4":1,"5":3,"6":1},"f":{"0":3,"1":3,"2":3,"3":4},"b":{"0":[1,3]},"_coverageSchema":"1a1c01bbd47fc00a2c39e90264f33305004495a9","hash":"26b4e25fa5a5df95774e6289057eccf039b0a9d3"}
}
